<?xml version="1.0" encoding="UTF-8"?>
<!-- Generated by org.testng.reporters.JUnitXMLReporter -->
<testsuite ignored="0" hostname="spyder" failures="0" tests="4" name="Test" time="0.048" errors="0" timestamp="2024-05-17T12:39:26 IST">
  <testcase classname="pac1.contactTest" name="creatcontactTest" time="0.0"/>
  <testcase classname="pac1.contactTest" name="modifyconntactTest" time="0.0"/>
  <testcase classname="pac2.orgTest" name="creatorgTest" time="0.0"/>
  <testcase classname="pac2.orgTest" name="modifyorgTest" time="0.0"/>
</testsuite> <!-- Test -->
