<?xml version="1.0" encoding="UTF-8"?>
<testng-results ignored="0" total="4" passed="4" failed="0" skipped="0">
  <reporter-output>
  </reporter-output>
  <suite started-at="2024-05-17T12:39:26 IST" name="Suite" finished-at="2024-05-17T12:39:26 IST" duration-ms="48">
    <groups>
    </groups>
    <test started-at="2024-05-17T12:39:26 IST" name="Test" finished-at="2024-05-17T12:39:26 IST" duration-ms="48">
      <class name="pac2.orgTest">
        <test-method signature="creatorgTest()[pri:0, instance:pac2.orgTest@341b80b2]" started-at="2024-05-17T12:39:26 IST" name="creatorgTest" finished-at="2024-05-17T12:39:26 IST" duration-ms="0" status="PASS">
          <reporter-output>
          </reporter-output>
        </test-method> <!-- creatorgTest -->
        <test-method signature="modifyorgTest()[pri:0, instance:pac2.orgTest@341b80b2]" started-at="2024-05-17T12:39:26 IST" name="modifyorgTest" finished-at="2024-05-17T12:39:26 IST" duration-ms="0" status="PASS">
          <reporter-output>
          </reporter-output>
        </test-method> <!-- modifyorgTest -->
      </class> <!-- pac2.orgTest -->
      <class name="pac1.contactTest">
        <test-method signature="creatcontactTest()[pri:0, instance:pac1.contactTest@4ae3c1cd]" started-at="2024-05-17T12:39:26 IST" name="creatcontactTest" finished-at="2024-05-17T12:39:26 IST" duration-ms="0" status="PASS">
          <reporter-output>
          </reporter-output>
        </test-method> <!-- creatcontactTest -->
        <test-method signature="modifyconntactTest()[pri:0, instance:pac1.contactTest@4ae3c1cd]" started-at="2024-05-17T12:39:26 IST" name="modifyconntactTest" finished-at="2024-05-17T12:39:26 IST" duration-ms="0" status="PASS">
          <reporter-output>
          </reporter-output>
        </test-method> <!-- modifyconntactTest -->
      </class> <!-- pac1.contactTest -->
    </test> <!-- Test -->
  </suite> <!-- Suite -->
</testng-results>
